[debug] [2021-02-14T06:39:42.754Z] ----------------------------------------------------------------------
[debug] [2021-02-14T06:39:42.755Z] Command:       /usr/local/bin/node /usr/local/bin/firebase deploy
[debug] [2021-02-14T06:39:42.755Z] CLI Version:   9.3.0
[debug] [2021-02-14T06:39:42.756Z] Platform:      darwin
[debug] [2021-02-14T06:39:42.756Z] Node Version:  v14.4.0
[debug] [2021-02-14T06:39:42.757Z] Time:          Sat Feb 13 2021 22:39:42 GMT-0800 (Pacific Standard Time)
[debug] [2021-02-14T06:39:42.757Z] ----------------------------------------------------------------------
[debug] [2021-02-14T06:39:42.757Z] 
[debug] [2021-02-14T06:39:42.763Z] > command requires scopes: ["email","openid","https://www.googleapis.com/auth/cloudplatformprojects.readonly","https://www.googleapis.com/auth/firebase","https://www.googleapis.com/auth/cloud-platform"]
[debug] [2021-02-14T06:39:42.763Z] > authorizing via signed-in user
[debug] [2021-02-14T06:39:42.763Z] [iam] checking project live-chat-1ba24 for permissions ["cloudfunctions.functions.create","cloudfunctions.functions.delete","cloudfunctions.functions.get","cloudfunctions.functions.list","cloudfunctions.functions.update","cloudfunctions.operations.get","firebase.projects.get","firebasehosting.sites.update"]
[debug] [2021-02-14T06:39:42.765Z] > refreshing access token with scopes: ["email","https://www.googleapis.com/auth/cloud-platform","https://www.googleapis.com/auth/cloudplatformprojects.readonly","https://www.googleapis.com/auth/firebase","openid"]
[debug] [2021-02-14T06:39:42.766Z] >>> HTTP REQUEST POST https://www.googleapis.com/oauth2/v3/token  
 <request body omitted>
[debug] [2021-02-14T06:39:42.950Z] <<< HTTP RESPONSE 200 {"expires":"Mon, 01 Jan 1990 00:00:00 GMT","cache-control":"no-cache, no-store, max-age=0, must-revalidate","pragma":"no-cache","date":"Sun, 14 Feb 2021 06:39:42 GMT","content-type":"application/json; charset=utf-8","vary":"X-Origin, Referer, Origin,Accept-Encoding","server":"scaffolding on HTTPServer2","x-xss-protection":"0","x-frame-options":"SAMEORIGIN","x-content-type-options":"nosniff","alt-svc":"h3-29=\":443\"; ma=2592000,h3-T051=\":443\"; ma=2592000,h3-Q050=\":443\"; ma=2592000,h3-Q046=\":443\"; ma=2592000,h3-Q043=\":443\"; ma=2592000,quic=\":443\"; ma=2592000; v=\"46,43\"","accept-ranges":"none","transfer-encoding":"chunked"}
[debug] [2021-02-14T06:39:42.983Z] >>> HTTP REQUEST POST https://cloudresourcemanager.googleapis.com/v1/projects/live-chat-1ba24:testIamPermissions  
 {"permissions":["cloudfunctions.functions.create","cloudfunctions.functions.delete","cloudfunctions.functions.get","cloudfunctions.functions.list","cloudfunctions.functions.update","cloudfunctions.operations.get","firebase.projects.get","firebasehosting.sites.update"]}
[debug] [2021-02-14T06:39:43.319Z] <<< HTTP RESPONSE 200 {"content-type":"application/json; charset=UTF-8","vary":"X-Origin, Referer, Origin,Accept-Encoding","date":"Sun, 14 Feb 2021 06:39:43 GMT","server":"ESF","cache-control":"private","x-xss-protection":"0","x-frame-options":"SAMEORIGIN","x-content-type-options":"nosniff","server-timing":"gfet4t7; dur=204","alt-svc":"h3-29=\":443\"; ma=2592000,h3-T051=\":443\"; ma=2592000,h3-Q050=\":443\"; ma=2592000,h3-Q046=\":443\"; ma=2592000,h3-Q043=\":443\"; ma=2592000,quic=\":443\"; ma=2592000; v=\"46,43\"","accept-ranges":"none","transfer-encoding":"chunked"}
[debug] [2021-02-14T06:39:43.320Z] >>> HTTP REQUEST POST https://iam.googleapis.com/v1/projects/live-chat-1ba24/serviceAccounts/live-chat-1ba24@appspot.gserviceaccount.com:testIamPermissions  
 {"permissions":["iam.serviceAccounts.actAs"]}
[debug] [2021-02-14T06:39:43.493Z] <<< HTTP RESPONSE 200 {"content-type":"application/json; charset=UTF-8","vary":"X-Origin, Referer, Origin,Accept-Encoding","date":"Sun, 14 Feb 2021 06:39:43 GMT","server":"ESF","cache-control":"private","x-xss-protection":"0","x-frame-options":"SAMEORIGIN","x-content-type-options":"nosniff","alt-svc":"h3-29=\":443\"; ma=2592000,h3-T051=\":443\"; ma=2592000,h3-Q050=\":443\"; ma=2592000,h3-Q046=\":443\"; ma=2592000,h3-Q043=\":443\"; ma=2592000,quic=\":443\"; ma=2592000; v=\"46,43\"","accept-ranges":"none","transfer-encoding":"chunked"}
[debug] [2021-02-14T06:39:43.495Z] > refreshing access token with scopes: []
[debug] [2021-02-14T06:39:43.495Z] >>> HTTP REQUEST POST https://www.googleapis.com/oauth2/v3/token  
 <request body omitted>
[debug] [2021-02-14T06:39:43.651Z] <<< HTTP RESPONSE 200 {"expires":"Mon, 01 Jan 1990 00:00:00 GMT","date":"Sun, 14 Feb 2021 06:39:43 GMT","pragma":"no-cache","cache-control":"no-cache, no-store, max-age=0, must-revalidate","content-type":"application/json; charset=utf-8","vary":"X-Origin, Referer, Origin,Accept-Encoding","server":"scaffolding on HTTPServer2","x-xss-protection":"0","x-frame-options":"SAMEORIGIN","x-content-type-options":"nosniff","alt-svc":"h3-29=\":443\"; ma=2592000,h3-T051=\":443\"; ma=2592000,h3-Q050=\":443\"; ma=2592000,h3-Q046=\":443\"; ma=2592000,h3-Q043=\":443\"; ma=2592000,quic=\":443\"; ma=2592000; v=\"46,43\"","accept-ranges":"none","transfer-encoding":"chunked"}
[debug] [2021-02-14T06:39:43.681Z] >>> [apiv2][query] GET https://firebase.googleapis.com/v1beta1/projects/live-chat-1ba24 [none]
[debug] [2021-02-14T06:39:43.880Z] <<< [apiv2][status] GET https://firebase.googleapis.com/v1beta1/projects/live-chat-1ba24 200
[debug] [2021-02-14T06:39:43.881Z] <<< [apiv2][body] GET https://firebase.googleapis.com/v1beta1/projects/live-chat-1ba24 {"projectId":"live-chat-1ba24","projectNumber":"118764391609","displayName":"live-chat","name":"projects/live-chat-1ba24","resources":{"hostingSite":"live-chat-1ba24","realtimeDatabaseInstance":"live-chat-1ba24-default-rtdb","storageBucket":"live-chat-1ba24.appspot.com","locationId":"us-central"},"state":"ACTIVE"}
[info] 
[info] === Deploying to 'live-chat-1ba24'...
[info] 
[info] i  deploying functions, hosting 
[info] Running command: npm --prefix "$RESOURCE_DIR" run lint
[info] ✔  functions: Finished running predeploy script. 
[debug] [2021-02-14T06:39:45.712Z] > [functions] package.json contents: {
  "name": "functions",
  "description": "Cloud Functions for Firebase",
  "scripts": {
    "lint": "eslint",
    "serve": "firebase emulators:start --only functions",
    "shell": "firebase functions:shell",
    "start": "npm run shell",
    "deploy": "firebase deploy --only functions",
    "logs": "firebase functions:log"
  },
  "engines": {
    "node": "12"
  },
  "main": "index.js",
  "dependencies": {
    "bad-words": "^3.0.4",
    "firebase-admin": "^9.2.0",
    "firebase-functions": "^3.11.0"
  },
  "devDependencies": {
    "eslint": "^7.6.0",
    "eslint-config-google": "^0.14.0",
    "firebase-functions-test": "^0.2.0"
  },
  "private": true
}
[info] i  functions: ensuring required API cloudfunctions.googleapis.com is enabled... 
[debug] [2021-02-14T06:39:46.240Z] > refreshing access token with scopes: ["email","https://www.googleapis.com/auth/cloud-platform","https://www.googleapis.com/auth/cloudplatformprojects.readonly","https://www.googleapis.com/auth/firebase","openid"]
[debug] [2021-02-14T06:39:46.240Z] >>> HTTP REQUEST POST https://www.googleapis.com/oauth2/v3/token  
 <request body omitted>
[debug] [2021-02-14T06:39:46.241Z] > refreshing access token with scopes: ["email","https://www.googleapis.com/auth/cloud-platform","https://www.googleapis.com/auth/cloudplatformprojects.readonly","https://www.googleapis.com/auth/firebase","openid"]
[debug] [2021-02-14T06:39:46.241Z] >>> HTTP REQUEST POST https://www.googleapis.com/oauth2/v3/token  
 <request body omitted>
[info] i  functions: ensuring required API cloudbuild.googleapis.com is enabled... 
[debug] [2021-02-14T06:39:46.242Z] > refreshing access token with scopes: ["email","https://www.googleapis.com/auth/cloud-platform","https://www.googleapis.com/auth/cloudplatformprojects.readonly","https://www.googleapis.com/auth/firebase","openid"]
[debug] [2021-02-14T06:39:46.242Z] >>> HTTP REQUEST POST https://www.googleapis.com/oauth2/v3/token  
 <request body omitted>
[debug] [2021-02-14T06:39:46.411Z] <<< HTTP RESPONSE 200 {"date":"Sun, 14 Feb 2021 06:39:46 GMT","cache-control":"no-cache, no-store, max-age=0, must-revalidate","expires":"Mon, 01 Jan 1990 00:00:00 GMT","pragma":"no-cache","content-type":"application/json; charset=utf-8","vary":"X-Origin, Referer, Origin,Accept-Encoding","server":"scaffolding on HTTPServer2","x-xss-protection":"0","x-frame-options":"SAMEORIGIN","x-content-type-options":"nosniff","alt-svc":"h3-29=\":443\"; ma=2592000,h3-T051=\":443\"; ma=2592000,h3-Q050=\":443\"; ma=2592000,h3-Q046=\":443\"; ma=2592000,h3-Q043=\":443\"; ma=2592000,quic=\":443\"; ma=2592000; v=\"46,43\"","accept-ranges":"none","transfer-encoding":"chunked"}
[debug] [2021-02-14T06:39:46.441Z] >>> HTTP REQUEST GET https://serviceusage.googleapis.com/v1/projects/live-chat-1ba24/services/runtimeconfig.googleapis.com  
 
[debug] [2021-02-14T06:39:46.442Z] <<< HTTP RESPONSE 200 {"cache-control":"no-cache, no-store, max-age=0, must-revalidate","expires":"Mon, 01 Jan 1990 00:00:00 GMT","pragma":"no-cache","date":"Sun, 14 Feb 2021 06:39:46 GMT","content-type":"application/json; charset=utf-8","vary":"X-Origin, Referer, Origin,Accept-Encoding","server":"scaffolding on HTTPServer2","x-xss-protection":"0","x-frame-options":"SAMEORIGIN","x-content-type-options":"nosniff","alt-svc":"h3-29=\":443\"; ma=2592000,h3-T051=\":443\"; ma=2592000,h3-Q050=\":443\"; ma=2592000,h3-Q046=\":443\"; ma=2592000,h3-Q043=\":443\"; ma=2592000,quic=\":443\"; ma=2592000; v=\"46,43\"","accept-ranges":"none","transfer-encoding":"chunked"}
[debug] [2021-02-14T06:39:46.470Z] >>> HTTP REQUEST GET https://serviceusage.googleapis.com/v1/projects/live-chat-1ba24/services/cloudfunctions.googleapis.com  
 
[debug] [2021-02-14T06:39:46.473Z] <<< HTTP RESPONSE 200 {"date":"Sun, 14 Feb 2021 06:39:46 GMT","cache-control":"no-cache, no-store, max-age=0, must-revalidate","pragma":"no-cache","expires":"Mon, 01 Jan 1990 00:00:00 GMT","content-type":"application/json; charset=utf-8","vary":"X-Origin, Referer, Origin,Accept-Encoding","server":"scaffolding on HTTPServer2","x-xss-protection":"0","x-frame-options":"SAMEORIGIN","x-content-type-options":"nosniff","alt-svc":"h3-29=\":443\"; ma=2592000,h3-T051=\":443\"; ma=2592000,h3-Q050=\":443\"; ma=2592000,h3-Q046=\":443\"; ma=2592000,h3-Q043=\":443\"; ma=2592000,quic=\":443\"; ma=2592000; v=\"46,43\"","accept-ranges":"none","transfer-encoding":"chunked"}
[debug] [2021-02-14T06:39:46.501Z] >>> HTTP REQUEST GET https://serviceusage.googleapis.com/v1/projects/live-chat-1ba24/services/cloudbuild.googleapis.com  
 
[debug] [2021-02-14T06:39:46.813Z] <<< HTTP RESPONSE 200 {"content-type":"application/json; charset=UTF-8","vary":"X-Origin, Referer, Origin,Accept-Encoding","date":"Sun, 14 Feb 2021 06:39:46 GMT","server":"ESF","cache-control":"private","x-xss-protection":"0","x-frame-options":"SAMEORIGIN","x-content-type-options":"nosniff","alt-svc":"h3-29=\":443\"; ma=2592000,h3-T051=\":443\"; ma=2592000,h3-Q050=\":443\"; ma=2592000,h3-Q046=\":443\"; ma=2592000,h3-Q043=\":443\"; ma=2592000,quic=\":443\"; ma=2592000; v=\"46,43\"","accept-ranges":"none","transfer-encoding":"chunked"}
[info] ✔  functions: required API cloudbuild.googleapis.com is enabled 
[debug] [2021-02-14T06:39:46.976Z] <<< HTTP RESPONSE 200 {"content-type":"application/json; charset=UTF-8","vary":"X-Origin, Referer, Origin,Accept-Encoding","date":"Sun, 14 Feb 2021 06:39:46 GMT","server":"ESF","cache-control":"private","x-xss-protection":"0","x-frame-options":"SAMEORIGIN","x-content-type-options":"nosniff","alt-svc":"h3-29=\":443\"; ma=2592000,h3-T051=\":443\"; ma=2592000,h3-Q050=\":443\"; ma=2592000,h3-Q046=\":443\"; ma=2592000,h3-Q043=\":443\"; ma=2592000,quic=\":443\"; ma=2592000; v=\"46,43\"","accept-ranges":"none","transfer-encoding":"chunked"}
[debug] [2021-02-14T06:39:47.043Z] <<< HTTP RESPONSE 200 {"content-type":"application/json; charset=UTF-8","vary":"X-Origin, Referer, Origin,Accept-Encoding","date":"Sun, 14 Feb 2021 06:39:47 GMT","server":"ESF","cache-control":"private","x-xss-protection":"0","x-frame-options":"SAMEORIGIN","x-content-type-options":"nosniff","alt-svc":"h3-29=\":443\"; ma=2592000,h3-T051=\":443\"; ma=2592000,h3-Q050=\":443\"; ma=2592000,h3-Q046=\":443\"; ma=2592000,h3-Q043=\":443\"; ma=2592000,quic=\":443\"; ma=2592000; v=\"46,43\"","accept-ranges":"none","transfer-encoding":"chunked"}
[info] ✔  functions: required API cloudfunctions.googleapis.com is enabled 
[debug] [2021-02-14T06:39:47.044Z] >>> HTTP REQUEST GET https://firebase.googleapis.com/v1beta1/projects/live-chat-1ba24/adminSdkConfig  
 
[debug] [2021-02-14T06:39:47.273Z] <<< HTTP RESPONSE 200 {"content-type":"application/json; charset=UTF-8","vary":"X-Origin, Referer, Origin,Accept-Encoding","date":"Sun, 14 Feb 2021 06:39:47 GMT","server":"ESF","cache-control":"private","x-xss-protection":"0","x-frame-options":"SAMEORIGIN","x-content-type-options":"nosniff","alt-svc":"h3-29=\":443\"; ma=2592000,h3-T051=\":443\"; ma=2592000,h3-Q050=\":443\"; ma=2592000,h3-Q046=\":443\"; ma=2592000,h3-Q043=\":443\"; ma=2592000,quic=\":443\"; ma=2592000; v=\"46,43\"","accept-ranges":"none","transfer-encoding":"chunked"}
[debug] [2021-02-14T06:39:47.276Z] >>> HTTP REQUEST POST https://firebasehosting.googleapis.com/v1beta1/sites/live-chat-1ba24/versions  
 {"config":{"rewrites":[{"glob":"**","path":"/index.html"}]},"labels":{"deployment-tool":"cli-firebase"}}
[debug] [2021-02-14T06:39:48.019Z] <<< HTTP RESPONSE 200 {"content-type":"application/json; charset=UTF-8","vary":"X-Origin, Referer, Origin,Accept-Encoding","date":"Sun, 14 Feb 2021 06:39:47 GMT","server":"ESF","cache-control":"private","x-xss-protection":"0","x-frame-options":"SAMEORIGIN","x-content-type-options":"nosniff","alt-svc":"h3-29=\":443\"; ma=2592000,h3-T051=\":443\"; ma=2592000,h3-Q050=\":443\"; ma=2592000,h3-Q046=\":443\"; ma=2592000,h3-Q043=\":443\"; ma=2592000,quic=\":443\"; ma=2592000; v=\"46,43\"","accept-ranges":"none","transfer-encoding":"chunked"}
[info] i  functions: preparing functions directory for uploading... 
[debug] [2021-02-14T06:39:48.021Z] >>> HTTP REQUEST GET https://runtimeconfig.googleapis.com/v1beta1/projects/live-chat-1ba24/configs  
 
[debug] [2021-02-14T06:39:48.318Z] <<< HTTP RESPONSE 200 {"content-type":"application/json; charset=UTF-8","vary":"X-Origin, Referer, Origin,Accept-Encoding","date":"Sun, 14 Feb 2021 06:39:48 GMT","server":"ESF","cache-control":"private","x-xss-protection":"0","x-frame-options":"SAMEORIGIN","x-content-type-options":"nosniff","alt-svc":"h3-29=\":443\"; ma=2592000,h3-T051=\":443\"; ma=2592000,h3-Q050=\":443\"; ma=2592000,h3-Q046=\":443\"; ma=2592000,h3-Q043=\":443\"; ma=2592000,quic=\":443\"; ma=2592000; v=\"46,43\"","accept-ranges":"none","transfer-encoding":"chunked"}
[info] i  functions: packaged functions (64.99 KB) for uploading 
[debug] [2021-02-14T06:39:48.852Z] >>> HTTP REQUEST GET https://cloudfunctions.googleapis.com/v1/projects/live-chat-1ba24/locations/-/functions  
 
[debug] [2021-02-14T06:39:49.390Z] <<< HTTP RESPONSE 200 {"content-type":"application/json; charset=UTF-8","vary":"X-Origin, Referer, Origin,Accept-Encoding","date":"Sun, 14 Feb 2021 06:39:49 GMT","server":"ESF","cache-control":"private","x-xss-protection":"0","x-frame-options":"SAMEORIGIN","x-content-type-options":"nosniff","alt-svc":"h3-29=\":443\"; ma=2592000,h3-T051=\":443\"; ma=2592000,h3-Q050=\":443\"; ma=2592000,h3-Q046=\":443\"; ma=2592000,h3-Q043=\":443\"; ma=2592000,quic=\":443\"; ma=2592000; v=\"46,43\"","accept-ranges":"none","transfer-encoding":"chunked"}
[debug] [2021-02-14T06:39:49.391Z] >>> HTTP REQUEST POST https://cloudfunctions.googleapis.com/v1/projects/live-chat-1ba24/locations/us-central1/functions:generateUploadUrl  
 
[debug] [2021-02-14T06:39:50.194Z] <<< HTTP RESPONSE 200 {"content-type":"application/json; charset=UTF-8","vary":"X-Origin, Referer, Origin,Accept-Encoding","date":"Sun, 14 Feb 2021 06:39:50 GMT","server":"ESF","cache-control":"private","x-xss-protection":"0","x-frame-options":"SAMEORIGIN","x-content-type-options":"nosniff","alt-svc":"h3-29=\":443\"; ma=2592000,h3-T051=\":443\"; ma=2592000,h3-Q050=\":443\"; ma=2592000,h3-Q046=\":443\"; ma=2592000,h3-Q043=\":443\"; ma=2592000,quic=\":443\"; ma=2592000; v=\"46,43\"","accept-ranges":"none","transfer-encoding":"chunked"}
[debug] [2021-02-14T06:39:50.195Z] >>> HTTP REQUEST PUT https://storage.googleapis.com/gcf-upload-us-central1-107ed879-17bd-4384-a2e9-79e158e2d563/1080c513-1cf5-474a-9510-b49b0279965c.zip?GoogleAccessId=service-118764391609@gcf-admin-robot.iam.gserviceaccount.com&Expires=1613286590&Signature=jOwOxv8%2FQbZ0eTjN9Uj6jx4qsAUq3Wij%2F40ImfucPDr1c74nDqib%2B64%2B6YRgmvQZf7J8F3R%2F75CiEGPpwSBcagYu1OyerZ8eX14pOKszTX%2BCXtpuo2G4hYd0kdfnR%2BuBq9Kauza%2FUYsyzGFdCYO8FRyxo1vgHoDvfaTreVka4pbINqqoF7HQ5gysdqeMafHojT4%2BBk95W%2Bc4y39xF9uXn3B6qp3%2BmV6FCgUyTVJsXO68I8JUD6zaqgshwosFOvgIt38j%2BHtWVdqRkHgXc0%2FJvwfF8p6%2FAJLGW15Wcm3%2FZwPj9%2Fp0Cm3DAE5ESh2aWmCHFO7sgah2xjke%2FsU4FeuTcw%3D%3D  
 <request body omitted>
[debug] [2021-02-14T06:39:50.868Z] <<< HTTP RESPONSE 200 {"x-guploader-uploadid":"ABg5-Uzzb7UB7zj8_vCBIytikeclx6Qx8D9hpGdtCNKYhszthFuCThH2LK29fVP9H_-0dZOB6OsuZZIQAalqoKIVAt9SzYTYUw","etag":"\"4f9ecfc6bd9098b6dacb28de9a867eca\"","x-goog-generation":"1613284790887368","x-goog-metageneration":"1","x-goog-hash":"crc32c=6TgBWQ==, md5=T57Pxr2QmLbayyjemoZ+yg==","x-goog-stored-content-length":"66550","x-goog-stored-content-encoding":"identity","vary":"Origin","content-length":"0","date":"Sun, 14 Feb 2021 06:39:50 GMT","server":"UploadServer","content-type":"text/html; charset=UTF-8","alt-svc":"h3-29=\":443\"; ma=2592000,h3-T051=\":443\"; ma=2592000,h3-Q050=\":443\"; ma=2592000,h3-Q046=\":443\"; ma=2592000,h3-Q043=\":443\"; ma=2592000,quic=\":443\"; ma=2592000; v=\"46,43\""}
[info] ✔  functions: functions folder uploaded successfully 
[info] i  hosting[live-chat-1ba24]: beginning deploy... 
[info] i  hosting[live-chat-1ba24]: found 24 files in build 
[debug] [2021-02-14T06:39:51.247Z] > refreshing access token with scopes: []
[debug] [2021-02-14T06:39:51.247Z] >>> HTTP REQUEST POST https://www.googleapis.com/oauth2/v3/token  
 <request body omitted>
[debug] [2021-02-14T06:39:51.248Z] [hosting] hash cache [YnVpbGQ] stored for 24 files
[debug] [2021-02-14T06:39:51.248Z] [hosting][hash queue][FINAL] {"max":340,"min":10,"avg":32.208333333333336,"active":0,"complete":24,"success":24,"errored":0,"retried":0,"total":24,"elapsed":366}
[debug] [2021-02-14T06:39:51.396Z] <<< HTTP RESPONSE 200 {"expires":"Mon, 01 Jan 1990 00:00:00 GMT","date":"Sun, 14 Feb 2021 06:39:51 GMT","pragma":"no-cache","cache-control":"no-cache, no-store, max-age=0, must-revalidate","content-type":"application/json; charset=utf-8","vary":"X-Origin, Referer, Origin,Accept-Encoding","server":"scaffolding on HTTPServer2","x-xss-protection":"0","x-frame-options":"SAMEORIGIN","x-content-type-options":"nosniff","alt-svc":"h3-29=\":443\"; ma=2592000,h3-T051=\":443\"; ma=2592000,h3-Q050=\":443\"; ma=2592000,h3-Q046=\":443\"; ma=2592000,h3-Q043=\":443\"; ma=2592000,quic=\":443\"; ma=2592000; v=\"46,43\"","accept-ranges":"none","transfer-encoding":"chunked"}
[debug] [2021-02-14T06:39:51.428Z] >>> [apiv2][query] POST https://firebasehosting.googleapis.com/v1beta1/sites/live-chat-1ba24/versions/ba90a0c38cb37e77:populateFiles [none]
[debug] [2021-02-14T06:39:51.428Z] >>> [apiv2][body] POST https://firebasehosting.googleapis.com/v1beta1/sites/live-chat-1ba24/versions/ba90a0c38cb37e77:populateFiles {"files":{"/asset-manifest.json":"ae5f43651bf6d9f95849de2b1fcbd071669bd4836a2b9ce1a849241d79a73817","/favicon-16x16.png":"6a463e951e1597e16ac836a0b871e96133be77891edf416bd16a419f74c9ae98","/favicon-32x32.png":"66675a030e19cf59bf3f0149dc137025951454b335458df387676e89c2c2fd9c","/index.html":"6d8050988e1e685b2789ee5aacaa75a5ff98c00ccf93e9ee8ef1d4774b2f0a52","/apple-touch-icon.png":"a8001e2a74d8c10f486c20212415c06032205a580963b6c38245255d0c5308e1","/manifest.json":"341d52628782f8ac9290bbfc43298afccb47b7cbfcee146ae30cf0f46bc30900","/logo192.png":"caff018b7f1e8fd481eb1c50d75b0ef236bcd5078b1d15c8bb348453fee30293","/robots.txt":"391d14b3c2f8c9143a27a28c7399585142228d4d1bdbe2c87ac946de411fa9a2","/site.webmanifest":"438eab4e1bab8df855faa047301dcd8cce4c8a815a1527502b0efc2270ad77fd","/static/css/main.ee7c00f8.chunk.css":"b771fa99eb0537b2acd0c5ca659f7e5ea86dbc2e52b3b9da5ba0f623d8f7c3d3","/logo512.png":"191fc21360b4ccfb1cda11a1efb97f489ed22672ca83f4064316802bbfdd750e","/static/js/2.4314c3ab.chunk.js.LICENSE.txt":"088bfc85ffef2191f385d26c71476dbd5b61cb23a43ff8a6918c5944ab8a1229","/static/css/main.ee7c00f8.chunk.css.map":"110c802598add09e5123965df4a701646ce3393b364fd33d0d039626f4da242c","/static/js/3.7da2718e.chunk.js":"a699dcf47a610b7ed48419809e4dbb8a6d47c7ff08a85530ee9eaf3151671588","/static/js/3.7da2718e.chunk.js.map":"89fb66e22584276b2e77cdb8017d36b7afe35818af39659ba824e48036ec01a2","/static/js/main.64774850.chunk.js":"0ab1c50f30aea4283d91fcc065dda6de1e6f277db83480ffda36ecf8ea94ef89","/static/js/main.64774850.chunk.js.map":"b0d5c26795cf6c58107e610b26dc8bf529bd10a9f7267f7975da0696a20cc56b","/favicon.ico":"fbb3b877ff4d89c75e6cd140929970343f4b1c27b6a0eb5386c6c98b56cd0ac8","/static/js/runtime-main.e440436e.js":"cc2ad4ad1a7786deb6f67b11fc5bac3774fc05c22989db62eba7fcff1ec4cb95","/android-chrome-192x192.png":"35a6b9a6ca362b1fa1d999179b5c7b6626115153c48f8b01adf5d4df635fe5bc","/static/js/runtime-main.e440436e.js.map":"80b0d1f8a3428e8d499cbec37b2f31d40755f46c5564c415637b9b9bbf544fde","/android-chrome-512x512.png":"e160d06c8f175577d53aae5855511ea0a7c1e2a2fda4aee3db21054ff5949c23","/static/js/2.4314c3ab.chunk.js":"5380d1d0acee242382a8847f69e753a8cd5dd190db14bf8eaf6912b9cf280c07","/static/js/2.4314c3ab.chunk.js.map":"c3cf001fd0467a50c4d87bc3a26cfd8cca746c344f9d8388b0527046a795ece3"}}
[debug] [2021-02-14T06:39:52.007Z] <<< [apiv2][status] POST https://firebasehosting.googleapis.com/v1beta1/sites/live-chat-1ba24/versions/ba90a0c38cb37e77:populateFiles 200
[debug] [2021-02-14T06:39:52.007Z] <<< [apiv2][body] POST https://firebasehosting.googleapis.com/v1beta1/sites/live-chat-1ba24/versions/ba90a0c38cb37e77:populateFiles {"uploadRequiredHashes":["b771fa99eb0537b2acd0c5ca659f7e5ea86dbc2e52b3b9da5ba0f623d8f7c3d3","110c802598add09e5123965df4a701646ce3393b364fd33d0d039626f4da242c","ae5f43651bf6d9f95849de2b1fcbd071669bd4836a2b9ce1a849241d79a73817","6d8050988e1e685b2789ee5aacaa75a5ff98c00ccf93e9ee8ef1d4774b2f0a52"],"uploadUrl":"https://upload-firebasehosting.googleapis.com/upload/sites/live-chat-1ba24/versions/ba90a0c38cb37e77/files"}
[debug] [2021-02-14T06:39:52.009Z] >>> [apiv2][query] POST https://upload-firebasehosting.googleapis.com/upload/sites/live-chat-1ba24/versions/ba90a0c38cb37e77/files/b771fa99eb0537b2acd0c5ca659f7e5ea86dbc2e52b3b9da5ba0f623d8f7c3d3 [none]
[debug] [2021-02-14T06:39:52.009Z] >>> [apiv2][body] POST https://upload-firebasehosting.googleapis.com/upload/sites/live-chat-1ba24/versions/ba90a0c38cb37e77/files/b771fa99eb0537b2acd0c5ca659f7e5ea86dbc2e52b3b9da5ba0f623d8f7c3d3 [stream]
[debug] [2021-02-14T06:39:52.011Z] >>> [apiv2][query] POST https://upload-firebasehosting.googleapis.com/upload/sites/live-chat-1ba24/versions/ba90a0c38cb37e77/files/110c802598add09e5123965df4a701646ce3393b364fd33d0d039626f4da242c [none]
[debug] [2021-02-14T06:39:52.011Z] >>> [apiv2][body] POST https://upload-firebasehosting.googleapis.com/upload/sites/live-chat-1ba24/versions/ba90a0c38cb37e77/files/110c802598add09e5123965df4a701646ce3393b364fd33d0d039626f4da242c [stream]
[debug] [2021-02-14T06:39:52.011Z] >>> [apiv2][query] POST https://upload-firebasehosting.googleapis.com/upload/sites/live-chat-1ba24/versions/ba90a0c38cb37e77/files/ae5f43651bf6d9f95849de2b1fcbd071669bd4836a2b9ce1a849241d79a73817 [none]
[debug] [2021-02-14T06:39:52.011Z] >>> [apiv2][body] POST https://upload-firebasehosting.googleapis.com/upload/sites/live-chat-1ba24/versions/ba90a0c38cb37e77/files/ae5f43651bf6d9f95849de2b1fcbd071669bd4836a2b9ce1a849241d79a73817 [stream]
[debug] [2021-02-14T06:39:52.012Z] >>> [apiv2][query] POST https://upload-firebasehosting.googleapis.com/upload/sites/live-chat-1ba24/versions/ba90a0c38cb37e77/files/6d8050988e1e685b2789ee5aacaa75a5ff98c00ccf93e9ee8ef1d4774b2f0a52 [none]
[debug] [2021-02-14T06:39:52.012Z] >>> [apiv2][body] POST https://upload-firebasehosting.googleapis.com/upload/sites/live-chat-1ba24/versions/ba90a0c38cb37e77/files/6d8050988e1e685b2789ee5aacaa75a5ff98c00ccf93e9ee8ef1d4774b2f0a52 [stream]
[debug] [2021-02-14T06:39:52.013Z] [hosting][populate queue][FINAL] {"max":763,"min":763,"avg":763,"active":0,"complete":1,"success":1,"errored":0,"retried":0,"total":1,"elapsed":767}
[debug] [2021-02-14T06:39:52.013Z] [hosting] uploads queued: 4
[debug] [2021-02-14T06:39:52.926Z] <<< [apiv2][status] POST https://upload-firebasehosting.googleapis.com/upload/sites/live-chat-1ba24/versions/ba90a0c38cb37e77/files/ae5f43651bf6d9f95849de2b1fcbd071669bd4836a2b9ce1a849241d79a73817 200
[debug] [2021-02-14T06:39:52.926Z] <<< [apiv2][body] POST https://upload-firebasehosting.googleapis.com/upload/sites/live-chat-1ba24/versions/ba90a0c38cb37e77/files/ae5f43651bf6d9f95849de2b1fcbd071669bd4836a2b9ce1a849241d79a73817 [stream]
[debug] [2021-02-14T06:39:52.927Z] <<< [apiv2][status] POST https://upload-firebasehosting.googleapis.com/upload/sites/live-chat-1ba24/versions/ba90a0c38cb37e77/files/b771fa99eb0537b2acd0c5ca659f7e5ea86dbc2e52b3b9da5ba0f623d8f7c3d3 200
[debug] [2021-02-14T06:39:52.927Z] <<< [apiv2][body] POST https://upload-firebasehosting.googleapis.com/upload/sites/live-chat-1ba24/versions/ba90a0c38cb37e77/files/b771fa99eb0537b2acd0c5ca659f7e5ea86dbc2e52b3b9da5ba0f623d8f7c3d3 [stream]
[debug] [2021-02-14T06:39:52.927Z] <<< [apiv2][status] POST https://upload-firebasehosting.googleapis.com/upload/sites/live-chat-1ba24/versions/ba90a0c38cb37e77/files/6d8050988e1e685b2789ee5aacaa75a5ff98c00ccf93e9ee8ef1d4774b2f0a52 200
[debug] [2021-02-14T06:39:52.928Z] <<< [apiv2][body] POST https://upload-firebasehosting.googleapis.com/upload/sites/live-chat-1ba24/versions/ba90a0c38cb37e77/files/6d8050988e1e685b2789ee5aacaa75a5ff98c00ccf93e9ee8ef1d4774b2f0a52 [stream]
[debug] [2021-02-14T06:39:52.928Z] <<< [apiv2][status] POST https://upload-firebasehosting.googleapis.com/upload/sites/live-chat-1ba24/versions/ba90a0c38cb37e77/files/110c802598add09e5123965df4a701646ce3393b364fd33d0d039626f4da242c 200
[debug] [2021-02-14T06:39:52.928Z] <<< [apiv2][body] POST https://upload-firebasehosting.googleapis.com/upload/sites/live-chat-1ba24/versions/ba90a0c38cb37e77/files/110c802598add09e5123965df4a701646ce3393b364fd33d0d039626f4da242c [stream]
[debug] [2021-02-14T06:39:52.928Z] [hosting][upload queue][FINAL] {"max":920,"min":917,"avg":919,"active":0,"complete":4,"success":4,"errored":0,"retried":0,"total":4,"elapsed":921}
[info] ✔  hosting[live-chat-1ba24]: file upload complete 
[debug] [2021-02-14T06:39:52.929Z] [hosting] deploy completed after 2060ms
[info] i  functions: updating Node.js 12 function detectEvilUsers(us-central1)... 
[debug] [2021-02-14T06:39:53.106Z] Trigger is:  {"eventTrigger":{"resource":"projects/live-chat-1ba24/databases/(default)/documents/messages/{msgId}","eventType":"providers/cloud.firestore/eventTypes/document.create","service":"firestore.googleapis.com"}}
[debug] [2021-02-14T06:39:53.108Z] > refreshing access token with scopes: ["email","https://www.googleapis.com/auth/cloud-platform","https://www.googleapis.com/auth/cloudplatformprojects.readonly","https://www.googleapis.com/auth/firebase","openid"]
[debug] [2021-02-14T06:39:53.108Z] >>> HTTP REQUEST POST https://www.googleapis.com/oauth2/v3/token  
 <request body omitted>
[debug] [2021-02-14T06:39:53.255Z] <<< HTTP RESPONSE 200 {"date":"Sun, 14 Feb 2021 06:39:53 GMT","cache-control":"no-cache, no-store, max-age=0, must-revalidate","pragma":"no-cache","expires":"Mon, 01 Jan 1990 00:00:00 GMT","content-type":"application/json; charset=utf-8","vary":"X-Origin, Referer, Origin,Accept-Encoding","server":"scaffolding on HTTPServer2","x-xss-protection":"0","x-frame-options":"SAMEORIGIN","x-content-type-options":"nosniff","alt-svc":"h3-29=\":443\"; ma=2592000,h3-T051=\":443\"; ma=2592000,h3-Q050=\":443\"; ma=2592000,h3-Q046=\":443\"; ma=2592000,h3-Q043=\":443\"; ma=2592000,quic=\":443\"; ma=2592000; v=\"46,43\"","accept-ranges":"none","transfer-encoding":"chunked"}
[debug] [2021-02-14T06:39:53.284Z] >>> HTTP REQUEST PATCH https://cloudfunctions.googleapis.com/v1/projects/live-chat-1ba24/locations/us-central1/functions/detectEvilUsers {"updateMask":"sourceUploadUrl,name,labels,runtime,environmentVariables,eventTrigger.resource,eventTrigger.eventType,eventTrigger.service,eventTrigger.failurePolicy"} 
 {"sourceUploadUrl":"https://storage.googleapis.com/gcf-upload-us-central1-107ed879-17bd-4384-a2e9-79e158e2d563/1080c513-1cf5-474a-9510-b49b0279965c.zip?GoogleAccessId=service-118764391609@gcf-admin-robot.iam.gserviceaccount.com&Expires=1613286590&Signature=jOwOxv8%2FQbZ0eTjN9Uj6jx4qsAUq3Wij%2F40ImfucPDr1c74nDqib%2B64%2B6YRgmvQZf7J8F3R%2F75CiEGPpwSBcagYu1OyerZ8eX14pOKszTX%2BCXtpuo2G4hYd0kdfnR%2BuBq9Kauza%2FUYsyzGFdCYO8FRyxo1vgHoDvfaTreVka4pbINqqoF7HQ5gysdqeMafHojT4%2BBk95W%2Bc4y39xF9uXn3B6qp3%2BmV6FCgUyTVJsXO68I8JUD6zaqgshwosFOvgIt38j%2BHtWVdqRkHgXc0%2FJvwfF8p6%2FAJLGW15Wcm3%2FZwPj9%2Fp0Cm3DAE5ESh2aWmCHFO7sgah2xjke%2FsU4FeuTcw%3D%3D","name":"projects/live-chat-1ba24/locations/us-central1/functions/detectEvilUsers","labels":{"deployment-tool":"cli-firebase"},"eventTrigger":{"resource":"projects/live-chat-1ba24/databases/(default)/documents/messages/{msgId}","eventType":"providers/cloud.firestore/eventTypes/document.create","service":"firestore.googleapis.com"},"runtime":"nodejs12","environmentVariables":{"FIREBASE_CONFIG":"{\"projectId\":\"live-chat-1ba24\",\"databaseURL\":\"https://live-chat-1ba24-default-rtdb.firebaseio.com\",\"storageBucket\":\"live-chat-1ba24.appspot.com\",\"locationId\":\"us-central\"}"}}
[debug] [2021-02-14T06:39:53.957Z] <<< HTTP RESPONSE 200 {"content-type":"application/json; charset=UTF-8","vary":"X-Origin, Referer, Origin,Accept-Encoding","date":"Sun, 14 Feb 2021 06:39:53 GMT","server":"ESF","cache-control":"private","x-xss-protection":"0","x-frame-options":"SAMEORIGIN","x-content-type-options":"nosniff","alt-svc":"h3-29=\":443\"; ma=2592000,h3-T051=\":443\"; ma=2592000,h3-Q050=\":443\"; ma=2592000,h3-Q046=\":443\"; ma=2592000,h3-Q043=\":443\"; ma=2592000,quic=\":443\"; ma=2592000; v=\"46,43\"","accept-ranges":"none","transfer-encoding":"chunked"}
[debug] [2021-02-14T06:39:53.958Z] >>> HTTP REQUEST GET https://cloudfunctions.googleapis.com/v1/operations/bGl2ZS1jaGF0LTFiYTI0L3VzLWNlbnRyYWwxL2RldGVjdEV2aWxVc2Vycy93NkdaeVF1M3JvVQ  
 
[debug] [2021-02-14T06:39:54.340Z] <<< HTTP RESPONSE 200 {"content-type":"application/json; charset=UTF-8","vary":"X-Origin, Referer, Origin,Accept-Encoding","date":"Sun, 14 Feb 2021 06:39:54 GMT","server":"ESF","cache-control":"private","x-xss-protection":"0","x-frame-options":"SAMEORIGIN","x-content-type-options":"nosniff","alt-svc":"h3-29=\":443\"; ma=2592000,h3-T051=\":443\"; ma=2592000,h3-Q050=\":443\"; ma=2592000,h3-Q046=\":443\"; ma=2592000,h3-Q043=\":443\"; ma=2592000,quic=\":443\"; ma=2592000; v=\"46,43\"","accept-ranges":"none","transfer-encoding":"chunked"}
[debug] [2021-02-14T06:39:56.344Z] >>> HTTP REQUEST GET https://cloudfunctions.googleapis.com/v1/operations/bGl2ZS1jaGF0LTFiYTI0L3VzLWNlbnRyYWwxL2RldGVjdEV2aWxVc2Vycy93NkdaeVF1M3JvVQ  
 
[debug] [2021-02-14T06:39:56.716Z] <<< HTTP RESPONSE 200 {"content-type":"application/json; charset=UTF-8","vary":"X-Origin, Referer, Origin,Accept-Encoding","date":"Sun, 14 Feb 2021 06:39:56 GMT","server":"ESF","cache-control":"private","x-xss-protection":"0","x-frame-options":"SAMEORIGIN","x-content-type-options":"nosniff","alt-svc":"h3-29=\":443\"; ma=2592000,h3-T051=\":443\"; ma=2592000,h3-Q050=\":443\"; ma=2592000,h3-Q046=\":443\"; ma=2592000,h3-Q043=\":443\"; ma=2592000,quic=\":443\"; ma=2592000; v=\"46,43\"","accept-ranges":"none","transfer-encoding":"chunked"}
[debug] [2021-02-14T06:39:58.717Z] >>> HTTP REQUEST GET https://cloudfunctions.googleapis.com/v1/operations/bGl2ZS1jaGF0LTFiYTI0L3VzLWNlbnRyYWwxL2RldGVjdEV2aWxVc2Vycy93NkdaeVF1M3JvVQ  
 
[debug] [2021-02-14T06:39:59.007Z] <<< HTTP RESPONSE 200 {"content-type":"application/json; charset=UTF-8","vary":"X-Origin, Referer, Origin,Accept-Encoding","date":"Sun, 14 Feb 2021 06:39:59 GMT","server":"ESF","cache-control":"private","x-xss-protection":"0","x-frame-options":"SAMEORIGIN","x-content-type-options":"nosniff","alt-svc":"h3-29=\":443\"; ma=2592000,h3-T051=\":443\"; ma=2592000,h3-Q050=\":443\"; ma=2592000,h3-Q046=\":443\"; ma=2592000,h3-Q043=\":443\"; ma=2592000,quic=\":443\"; ma=2592000; v=\"46,43\"","accept-ranges":"none","transfer-encoding":"chunked"}
